<?xml version="1.0" encoding="UTF-8"?>
<!-- Generated by org.testng.reporters.JUnitReportReporter -->
<testsuite hostname="LAPTOP-4868V0PG" failures="0" tests="1" name="com.Actitime.TestScripts.CreateCustomer" time="9.574" errors="0" timestamp="2023-09-29T09:14:05 IST" skipped="0">
  <testcase classname="com.Actitime.TestScripts.CreateCustomer" name="CreateCustomer" time="9.574"/>
  <system-out>
    <![CDATA[DataBase connected
Launched browser
Logged in
Logged out
Broswer Closed
DataBase disconnected]]>
  </system-out>
</testsuite> <!-- com.Actitime.TestScripts.CreateCustomer -->
